<?xml version="1.0" encoding="UTF-8"?>
<testng-results skipped="0" failed="1" total="3" passed="2">
  <reporter-output>
  </reporter-output>
  <suite name="Default suite" duration-ms="117942" started-at="2019-10-26T11:13:21Z" finished-at="2019-10-26T11:15:19Z">
    <groups>
    </groups>
    <test name="Default test" duration-ms="117942" started-at="2019-10-26T11:13:21Z" finished-at="2019-10-26T11:15:19Z">
      <class name="com.test.au.TestUIflow">
        <test-method status="PASS" signature="setup()[pri:0, instance:com.test.au.TestUIflow@49e4cb85]" name="setup" is-config="true" duration-ms="21616" started-at="2019-10-26T22:13:22Z" finished-at="2019-10-26T22:13:44Z">
          <reporter-output>
          </reporter-output>
        </test-method> <!-- setup -->
        <test-method status="FAIL" signature="testUIAutomationFlow(java.util.Map)[pri:0, instance:com.test.au.TestUIflow@49e4cb85]" name="testUIAutomationFlow" duration-ms="4894" started-at="2019-10-26T22:13:44Z" data-provider="myData" finished-at="2019-10-26T22:13:48Z">
          <params>
            <param index="0">
              <value>
                <![CDATA[{Service CentreName=Silverwater Service Centre, ServiceCentrePostCode=Northmead 2152, Sno=1.0, Browser=Chrome}]]>
              </value>
            </param>
          </params>
          <exception class="org.openqa.selenium.ElementClickInterceptedException">
            <message>
              <![CDATA[element click intercepted: Element <a href="https://www.service.nsw.gov.au/transaction/apply-number-plate">...</a> is not clickable at point (193, 317). Other element would receive the click: <div class="search__result">...</div>
  (Session info: chrome=77.0.3865.120)
Build info: version: '3.14.0', revision: 'aacccce0', time: '2018-08-02T20:19:58.91Z'
System info: host: 'LAPTOP-TP7EK7TR', ip: '192.168.0.223', os.name: 'Windows 10', os.arch: 'amd64', os.version: '10.0', java.version: '1.8.0_121'
Driver info: org.openqa.selenium.chrome.ChromeDriver
Capabilities {acceptInsecureCerts: false, browserName: chrome, browserVersion: 77.0.3865.120, chrome: {chromedriverVersion: 76.0.3809.126 (d80a294506b4..., userDataDir: C:\Users\prath\AppData\Loca...}, goog:chromeOptions: {debuggerAddress: localhost:9908}, javascriptEnabled: true, networkConnectionEnabled: false, pageLoadStrategy: normal, platform: XP, platformName: XP, proxy: Proxy(), setWindowRect: true, strictFileInteractability: false, timeouts: {implicit: 0, pageLoad: 300000, script: 30000}, unhandledPromptBehavior: dismiss and notify}
Session ID: 1de34e645840f61572515101af93632d]]>
            </message>
            <full-stacktrace>
              <![CDATA[org.openqa.selenium.ElementClickInterceptedException: element click intercepted: Element <a href="https://www.service.nsw.gov.au/transaction/apply-number-plate">...</a> is not clickable at point (193, 317). Other element would receive the click: <div class="search__result">...</div>
  (Session info: chrome=77.0.3865.120)
Build info: version: '3.14.0', revision: 'aacccce0', time: '2018-08-02T20:19:58.91Z'
System info: host: 'LAPTOP-TP7EK7TR', ip: '192.168.0.223', os.name: 'Windows 10', os.arch: 'amd64', os.version: '10.0', java.version: '1.8.0_121'
Driver info: org.openqa.selenium.chrome.ChromeDriver
Capabilities {acceptInsecureCerts: false, browserName: chrome, browserVersion: 77.0.3865.120, chrome: {chromedriverVersion: 76.0.3809.126 (d80a294506b4..., userDataDir: C:\Users\prath\AppData\Loca...}, goog:chromeOptions: {debuggerAddress: localhost:9908}, javascriptEnabled: true, networkConnectionEnabled: false, pageLoadStrategy: normal, platform: XP, platformName: XP, proxy: Proxy(), setWindowRect: true, strictFileInteractability: false, timeouts: {implicit: 0, pageLoad: 300000, script: 30000}, unhandledPromptBehavior: dismiss and notify}
Session ID: 1de34e645840f61572515101af93632d
	at sun.reflect.NativeConstructorAccessorImpl.newInstance0(Native Method)
	at sun.reflect.NativeConstructorAccessorImpl.newInstance(Unknown Source)
	at sun.reflect.DelegatingConstructorAccessorImpl.newInstance(Unknown Source)
	at java.lang.reflect.Constructor.newInstance(Unknown Source)
	at org.openqa.selenium.remote.http.W3CHttpResponseCodec.createException(W3CHttpResponseCodec.java:187)
	at org.openqa.selenium.remote.http.W3CHttpResponseCodec.decode(W3CHttpResponseCodec.java:122)
	at org.openqa.selenium.remote.http.W3CHttpResponseCodec.decode(W3CHttpResponseCodec.java:49)
	at org.openqa.selenium.remote.HttpCommandExecutor.execute(HttpCommandExecutor.java:158)
	at org.openqa.selenium.remote.service.DriverCommandExecutor.execute(DriverCommandExecutor.java:83)
	at org.openqa.selenium.remote.RemoteWebDriver.execute(RemoteWebDriver.java:548)
	at org.openqa.selenium.remote.RemoteWebElement.execute(RemoteWebElement.java:276)
	at org.openqa.selenium.remote.RemoteWebElement.click(RemoteWebElement.java:83)
	at sun.reflect.NativeMethodAccessorImpl.invoke0(Native Method)
	at sun.reflect.NativeMethodAccessorImpl.invoke(Unknown Source)
	at sun.reflect.DelegatingMethodAccessorImpl.invoke(Unknown Source)
	at java.lang.reflect.Method.invoke(Unknown Source)
	at org.openqa.selenium.support.pagefactory.internal.LocatingElementHandler.invoke(LocatingElementHandler.java:51)
	at com.sun.proxy.$Proxy9.click(Unknown Source)
	at com.test.au.ApplyForNumberPlatePageObject.navigateToApplyforaNumberPlatePage(ApplyForNumberPlatePageObject.java:47)
	at com.test.au.TestUIflow.testUIAutomationFlow(TestUIflow.java:76)
	at sun.reflect.NativeMethodAccessorImpl.invoke0(Native Method)
	at sun.reflect.NativeMethodAccessorImpl.invoke(Unknown Source)
	at sun.reflect.DelegatingMethodAccessorImpl.invoke(Unknown Source)
	at java.lang.reflect.Method.invoke(Unknown Source)
	at org.testng.internal.MethodInvocationHelper.invokeMethod(MethodInvocationHelper.java:85)
	at org.testng.internal.Invoker.invokeMethod(Invoker.java:639)
	at org.testng.internal.Invoker.invokeTestMethod(Invoker.java:816)
	at org.testng.internal.Invoker.invokeTestMethods(Invoker.java:1124)
	at org.testng.internal.TestMethodWorker.invokeTestMethods(TestMethodWorker.java:125)
	at org.testng.internal.TestMethodWorker.run(TestMethodWorker.java:108)
	at org.testng.TestRunner.privateRun(TestRunner.java:774)
	at org.testng.TestRunner.run(TestRunner.java:624)
	at org.testng.SuiteRunner.runTest(SuiteRunner.java:359)
	at org.testng.SuiteRunner.runSequentially(SuiteRunner.java:354)
	at org.testng.SuiteRunner.privateRun(SuiteRunner.java:312)
	at org.testng.SuiteRunner.run(SuiteRunner.java:261)
	at org.testng.SuiteRunnerWorker.runSuite(SuiteRunnerWorker.java:52)
	at org.testng.SuiteRunnerWorker.run(SuiteRunnerWorker.java:86)
	at org.testng.TestNG.runSuitesSequentially(TestNG.java:1215)
	at org.testng.TestNG.runSuitesLocally(TestNG.java:1140)
	at org.testng.TestNG.run(TestNG.java:1048)
	at org.testng.remote.RemoteTestNG.run(RemoteTestNG.java:112)
	at org.testng.remote.RemoteTestNG.initAndRun(RemoteTestNG.java:205)
	at org.testng.remote.RemoteTestNG.main(RemoteTestNG.java:176)
]]>
            </full-stacktrace>
          </exception> <!-- org.openqa.selenium.ElementClickInterceptedException -->
          <reporter-output>
          </reporter-output>
        </test-method> <!-- testUIAutomationFlow -->
        <test-method status="PASS" signature="afterTest()[pri:0, instance:com.test.au.TestUIflow@49e4cb85]" name="afterTest" is-config="true" duration-ms="1059" started-at="2019-10-26T22:13:48Z" finished-at="2019-10-26T22:13:49Z">
          <reporter-output>
          </reporter-output>
        </test-method> <!-- afterTest -->
        <test-method status="PASS" signature="setup()[pri:0, instance:com.test.au.TestUIflow@49e4cb85]" name="setup" is-config="true" duration-ms="19317" started-at="2019-10-26T22:13:49Z" finished-at="2019-10-26T22:14:09Z">
          <reporter-output>
          </reporter-output>
        </test-method> <!-- setup -->
        <test-method status="PASS" signature="testUIAutomationFlow(java.util.Map)[pri:0, instance:com.test.au.TestUIflow@49e4cb85]" name="testUIAutomationFlow" duration-ms="28031" started-at="2019-10-26T22:14:09Z" data-provider="myData" finished-at="2019-10-26T22:14:37Z">
          <params>
            <param index="0">
              <value>
                <![CDATA[{Service CentreName=Marrickville Service Centre, ServiceCentrePostCode=Sydney Domestic Airport 2020, Sno=2.0, Browser=Chrome}]]>
              </value>
            </param>
          </params>
          <reporter-output>
          </reporter-output>
        </test-method> <!-- testUIAutomationFlow -->
        <test-method status="PASS" signature="afterTest()[pri:0, instance:com.test.au.TestUIflow@49e4cb85]" name="afterTest" is-config="true" duration-ms="1572" started-at="2019-10-26T22:14:37Z" finished-at="2019-10-26T22:14:38Z">
          <reporter-output>
          </reporter-output>
        </test-method> <!-- afterTest -->
        <test-method status="PASS" signature="setup()[pri:0, instance:com.test.au.TestUIflow@49e4cb85]" name="setup" is-config="true" duration-ms="19293" started-at="2019-10-26T22:14:38Z" finished-at="2019-10-26T22:14:58Z">
          <reporter-output>
          </reporter-output>
        </test-method> <!-- setup -->
        <test-method status="PASS" signature="testUIAutomationFlow(java.util.Map)[pri:0, instance:com.test.au.TestUIflow@49e4cb85]" name="testUIAutomationFlow" duration-ms="19879" started-at="2019-10-26T22:14:58Z" data-provider="myData" finished-at="2019-10-26T22:15:18Z">
          <params>
            <param index="0">
              <value>
                <![CDATA[{Service CentreName=Botany Service Centre, ServiceCentrePostCode=Sydney International Airport 2020, Sno=3.0, Browser=Chrome}]]>
              </value>
            </param>
          </params>
          <reporter-output>
          </reporter-output>
        </test-method> <!-- testUIAutomationFlow -->
        <test-method status="PASS" signature="afterTest()[pri:0, instance:com.test.au.TestUIflow@49e4cb85]" name="afterTest" is-config="true" duration-ms="1332" started-at="2019-10-26T22:15:18Z" finished-at="2019-10-26T22:15:19Z">
          <reporter-output>
          </reporter-output>
        </test-method> <!-- afterTest -->
      </class> <!-- com.test.au.TestUIflow -->
    </test> <!-- Default test -->
  </suite> <!-- Default suite -->
</testng-results>
