<?xml version="1.0" encoding="UTF-8"?>
<testng-results skipped="0" failed="0" total="2" passed="2">
  <reporter-output>
  </reporter-output>
  <suite name="Default suite" duration-ms="9730" started-at="2019-10-27T07:33:55Z" finished-at="2019-10-27T07:34:04Z">
    <groups>
    </groups>
    <test name="Default test" duration-ms="9730" started-at="2019-10-27T07:33:55Z" finished-at="2019-10-27T07:34:04Z">
      <class name="com.test.au.APITest">
        <test-method status="PASS" signature="testGET_Postcode_for_latlon()[pri:0, instance:com.test.au.APITest@511baa65]" name="testGET_Postcode_for_latlon" duration-ms="7710" started-at="2019-10-27T18:33:55Z" finished-at="2019-10-27T18:34:02Z">
          <reporter-output>
          </reporter-output>
        </test-method> <!-- testGET_Postcode_for_latlon -->
        <test-method status="PASS" signature="testGET_weather_for_postcode()[pri:0, instance:com.test.au.APITest@511baa65]" name="testGET_weather_for_postcode" duration-ms="1948" started-at="2019-10-27T18:34:02Z" finished-at="2019-10-27T18:34:04Z">
          <reporter-output>
          </reporter-output>
        </test-method> <!-- testGET_weather_for_postcode -->
      </class> <!-- com.test.au.APITest -->
    </test> <!-- Default test -->
  </suite> <!-- Default suite -->
</testng-results>
